# JRE version: OpenJDK Runtime Environment Temurin-21.0.9+10 (21.0.9+10) (build 21.0.9+10-LTS)
# Java VM: OpenJDK 64-Bit Server VM Temurin-21.0.9+10 (21.0.9+10-LTS, mixed mode, sharing, tiered, compressed oops, compressed class ptrs, parallel gc, windows-amd64)
GC Precious Log:
 CardTable entry size: 512
 CPUs: 8 total, 8 available
 Memory: 3962M
 Large Page Support: Disabled
 NUMA Support: Disabled
 Compressed Oops: Enabled (32-bit)
 Alignments: Space 512K, Generation 512K, Heap 2M
 Heap Min Capacity: 100M
 Heap Initial Capacity: 100M
 Heap Max Capacity: 2G
 Pre-touch: Disabled
 Parallel Workers: 8
Heap:
 PSYoungGen      total 6144K, used 4912K [0x00000000d5580000, 0x00000000d6000000, 0x0000000100000000)
  eden space 5632K, 79% used [0x00000000d5580000,0x00000000d59e4210,0x00000000d5b00000)
  from space 512K, 81% used [0x00000000d5f00000,0x00000000d5f68000,0x00000000d5f80000)
  to   space 512K, 0% used [0x00000000d5f80000,0x00000000d5f80000,0x00000000d6000000)
 ParOldGen       total 268800K, used 268363K [0x0000000080000000, 0x0000000090680000, 0x00000000d5580000)
  object space 268800K, 99% used [0x0000000080000000,0x0000000090612d98,0x0000000090680000)
 Metaspace       used 79402K, committed 81024K, reserved 1179648K
  class space    used 8774K, committed 9472K, reserved 1048576K
GC Heap History (20 events):
Event: 13133.677 GC heap before
{Heap before GC invocations=203 (full 3):
 PSYoungGen      total 9728K, used 8884K [0x00000000d5580000, 0x00000000d6480000, 0x0000000100000000)
  eden space 5632K, 92% used [0x00000000d5580000,0x00000000d5a91848,0x00000000d5b00000)
  from space 4096K, 90% used [0x00000000d5d00000,0x00000000d609baa0,0x00000000d6100000)
  to   space 3584K, 0% used [0x00000000d6100000,0x00000000d6100000,0x00000000d6480000)
 ParOldGen       total 255488K, used 255073K [0x0000000080000000, 0x000000008f980000, 0x00000000d5580000)
  object space 255488K, 99% used [0x0000000080000000,0x000000008f918540,0x000000008f980000)
 Metaspace       used 79320K, committed 80896K, reserved 1179648K
  class space    used 8773K, committed 9472K, reserved 1048576K
}
Event: 13133.696 GC heap after
{Heap after GC invocations=203 (full 3):
 PSYoungGen      total 9216K, used 3139K [0x00000000d5580000, 0x00000000d6480000, 0x0000000100000000)
  eden space 5632K, 0% used [0x00000000d5580000,0x00000000d5580000,0x00000000d5b00000)
  from space 3584K, 87% used [0x00000000d6100000,0x00000000d6410f68,0x00000000d6480000)
  to   space 3584K, 0% used [0x00000000d5d80000,0x00000000d5d80000,0x00000000d6100000)
 ParOldGen       total 259072K, used 258668K [0x0000000080000000, 0x000000008fd00000, 0x00000000d5580000)
  object space 259072K, 99% used [0x0000000080000000,0x000000008fc9b3a0,0x000000008fd00000)
 Metaspace       used 79320K, committed 80896K, reserved 1179648K
  class space    used 8773K, committed 9472K, reserved 1048576K
}
Event: 13134.319 GC heap before
{Heap before GC invocations=204 (full 3):
 PSYoungGen      total 9216K, used 8771K [0x00000000d5580000, 0x00000000d6480000, 0x0000000100000000)
  eden space 5632K, 99% used [0x00000000d5580000,0x00000000d5affff0,0x00000000d5b00000)
  from space 3584K, 87% used [0x00000000d6100000,0x00000000d6410f68,0x00000000d6480000)
  to   space 3584K, 0% used [0x00000000d5d80000,0x00000000d5d80000,0x00000000d6100000)
 ParOldGen       total 259072K, used 258668K [0x0000000080000000, 0x000000008fd00000, 0x00000000d5580000)
  object space 259072K, 99% used [0x0000000080000000,0x000000008fc9b3a0,0x000000008fd00000)
 Metaspace       used 79320K, committed 80896K, reserved 1179648K
  class space    used 8773K, committed 9472K, reserved 1048576K
}
Event: 13134.332 GC heap after
{Heap after GC invocations=204 (full 3):
 PSYoungGen      total 9216K, used 3120K [0x00000000d5580000, 0x00000000d6200000, 0x0000000100000000)
  eden space 5632K, 0% used [0x00000000d5580000,0x00000000d5580000,0x00000000d5b00000)
  from space 3584K, 87% used [0x00000000d5d80000,0x00000000d608c328,0x00000000d6100000)
  to   space 1024K, 0% used [0x00000000d6100000,0x00000000d6100000,0x00000000d6200000)
 ParOldGen       total 262144K, used 261680K [0x0000000080000000, 0x0000000090000000, 0x00000000d5580000)
  object space 262144K, 99% used [0x0000000080000000,0x000000008ff8c130,0x0000000090000000)
 Metaspace       used 79320K, committed 80896K, reserved 1179648K
  class space    used 8773K, committed 9472K, reserved 1048576K
}
Event: 13134.654 GC heap before
{Heap before GC invocations=205 (full 3):
 PSYoungGen      total 9216K, used 8752K [0x00000000d5580000, 0x00000000d6200000, 0x0000000100000000)
  eden space 5632K, 100% used [0x00000000d5580000,0x00000000d5b00000,0x00000000d5b00000)
  from space 3584K, 87% used [0x00000000d5d80000,0x00000000d608c328,0x00000000d6100000)
  to   space 1024K, 0% used [0x00000000d6100000,0x00000000d6100000,0x00000000d6200000)
 ParOldGen       total 262144K, used 261680K [0x0000000080000000, 0x0000000090000000, 0x00000000d5580000)
  object space 262144K, 99% used [0x0000000080000000,0x000000008ff8c130,0x0000000090000000)
 Metaspace       used 79320K, committed 80896K, reserved 1179648K
  class space    used 8773K, committed 9472K, reserved 1048576K
}
Event: 13134.702 GC heap after
{Heap after GC invocations=205 (full 3):
 PSYoungGen      total 6656K, used 896K [0x00000000d5580000, 0x00000000d6200000, 0x0000000100000000)
  eden space 5632K, 0% used [0x00000000d5580000,0x00000000d5580000,0x00000000d5b00000)
  from space 1024K, 87% used [0x00000000d6100000,0x00000000d61e0000,0x00000000d6200000)
  to   space 2048K, 0% used [0x00000000d5e00000,0x00000000d5e00000,0x00000000d6000000)
 ParOldGen       total 265216K, used 264629K [0x0000000080000000, 0x0000000090300000, 0x00000000d5580000)
  object space 265216K, 99% used [0x0000000080000000,0x000000009026d4c8,0x0000000090300000)
 Metaspace       used 79320K, committed 80896K, reserved 1179648K
  class space    used 8773K, committed 9472K, reserved 1048576K
}
Event: 13136.545 GC heap before
{Heap before GC invocations=206 (full 3):
 PSYoungGen      total 6656K, used 6528K [0x00000000d5580000, 0x00000000d6200000, 0x0000000100000000)
  eden space 5632K, 100% used [0x00000000d5580000,0x00000000d5b00000,0x00000000d5b00000)
  from space 1024K, 87% used [0x00000000d6100000,0x00000000d61e0000,0x00000000d6200000)
  to   space 2048K, 0% used [0x00000000d5e00000,0x00000000d5e00000,0x00000000d6000000)
 ParOldGen       total 265216K, used 264629K [0x0000000080000000, 0x0000000090300000, 0x00000000d5580000)
  object space 265216K, 99% used [0x0000000080000000,0x000000009026d4c8,0x0000000090300000)
 Metaspace       used 79346K, committed 80896K, reserved 1179648K
  class space    used 8773K, committed 9472K, reserved 1048576K
}
Event: 13136.605 GC heap after
{Heap after GC invocations=206 (full 3):
 PSYoungGen      total 7680K, used 992K [0x00000000d5580000, 0x00000000d6180000, 0x0000000100000000)
  eden space 5632K, 0% used [0x00000000d5580000,0x00000000d5580000,0x00000000d5b00000)
  from space 2048K, 48% used [0x00000000d5e00000,0x00000000d5ef8020,0x00000000d6000000)
  to   space 1536K, 0% used [0x00000000d6000000,0x00000000d6000000,0x00000000d6180000)
 ParOldGen       total 265728K, used 265421K [0x0000000080000000, 0x0000000090380000, 0x00000000d5580000)
  object space 265728K, 99% used [0x0000000080000000,0x00000000903334c8,0x0000000090380000)
 Metaspace       used 79346K, committed 80896K, reserved 1179648K
  class space    used 8773K, committed 9472K, reserved 1048576K
}
Event: 13136.765 GC heap before
{Heap before GC invocations=207 (full 3):
 PSYoungGen      total 7680K, used 6624K [0x00000000d5580000, 0x00000000d6180000, 0x0000000100000000)
  eden space 5632K, 100% used [0x00000000d5580000,0x00000000d5b00000,0x00000000d5b00000)
  from space 2048K, 48% used [0x00000000d5e00000,0x00000000d5ef8020,0x00000000d6000000)
  to   space 1536K, 0% used [0x00000000d6000000,0x00000000d6000000,0x00000000d6180000)
 ParOldGen       total 265728K, used 265421K [0x0000000080000000, 0x0000000090380000, 0x00000000d5580000)
  object space 265728K, 99% used [0x0000000080000000,0x00000000903334c8,0x0000000090380000)
 Metaspace       used 79348K, committed 80896K, reserved 1179648K
  class space    used 8773K, committed 9472K, reserved 1048576K
}
Event: 13136.778 GC heap after
{Heap after GC invocations=207 (full 3):
 PSYoungGen      total 6656K, used 960K [0x00000000d5580000, 0x00000000d6100000, 0x0000000100000000)
  eden space 5632K, 0% used [0x00000000d5580000,0x00000000d5580000,0x00000000d5b00000)
  from space 1024K, 93% used [0x00000000d6000000,0x00000000d60f0000,0x00000000d6100000)
  to   space 1024K, 0% used [0x00000000d5f00000,0x00000000d5f00000,0x00000000d6000000)
 ParOldGen       total 266752K, used 266253K [0x0000000080000000, 0x0000000090480000, 0x00000000d5580000)
  object space 266752K, 99% used [0x0000000080000000,0x0000000090403598,0x0000000090480000)
 Metaspace       used 79348K, committed 80896K, reserved 1179648K
  class space    used 8773K, committed 9472K, reserved 1048576K
}
Event: 13136.961 GC heap before
{Heap before GC invocations=208 (full 3):
 PSYoungGen      total 6656K, used 6592K [0x00000000d5580000, 0x00000000d6100000, 0x0000000100000000)
  eden space 5632K, 100% used [0x00000000d5580000,0x00000000d5b00000,0x00000000d5b00000)
  from space 1024K, 93% used [0x00000000d6000000,0x00000000d60f0000,0x00000000d6100000)
  to   space 1024K, 0% used [0x00000000d5f00000,0x00000000d5f00000,0x00000000d6000000)
 ParOldGen       total 266752K, used 266253K [0x0000000080000000, 0x0000000090480000, 0x00000000d5580000)
  object space 266752K, 99% used [0x0000000080000000,0x0000000090403598,0x0000000090480000)
 Metaspace       used 79348K, committed 80896K, reserved 1179648K
  class space    used 8773K, committed 9472K, reserved 1048576K
}
Event: 13136.966 GC heap after
{Heap after GC invocations=208 (full 3):
 PSYoungGen      total 6656K, used 1024K [0x00000000d5580000, 0x00000000d6080000, 0x0000000100000000)
  eden space 5632K, 0% used [0x00000000d5580000,0x00000000d5580000,0x00000000d5b00000)
  from space 1024K, 100% used [0x00000000d5f00000,0x00000000d6000000,0x00000000d6000000)
  to   space 512K, 0% used [0x00000000d6000000,0x00000000d6000000,0x00000000d6080000)
 ParOldGen       total 267264K, used 267070K [0x0000000080000000, 0x0000000090500000, 0x00000000d5580000)
  object space 267264K, 99% used [0x0000000080000000,0x00000000904cfaf8,0x0000000090500000)
 Metaspace       used 79348K, committed 80896K, reserved 1179648K
  class space    used 8773K, committed 9472K, reserved 1048576K
}
Event: 14393.659 GC heap before
{Heap before GC invocations=209 (full 3):
 PSYoungGen      total 6656K, used 6656K [0x00000000d5580000, 0x00000000d6080000, 0x0000000100000000)
  eden space 5632K, 100% used [0x00000000d5580000,0x00000000d5b00000,0x00000000d5b00000)
  from space 1024K, 100% used [0x00000000d5f00000,0x00000000d6000000,0x00000000d6000000)
  to   space 512K, 0% used [0x00000000d6000000,0x00000000d6000000,0x00000000d6080000)
 ParOldGen       total 267264K, used 267070K [0x0000000080000000, 0x0000000090500000, 0x00000000d5580000)
  object space 267264K, 99% used [0x0000000080000000,0x00000000904cfaf8,0x0000000090500000)
 Metaspace       used 79382K, committed 81024K, reserved 1179648K
  class space    used 8774K, committed 9472K, reserved 1048576K
}
Event: 14394.300 GC heap after
{Heap after GC invocations=209 (full 3):
 PSYoungGen      total 6144K, used 512K [0x00000000d5580000, 0x00000000d6080000, 0x0000000100000000)
  eden space 5632K, 0% used [0x00000000d5580000,0x00000000d5580000,0x00000000d5b00000)
  from space 512K, 100% used [0x00000000d6000000,0x00000000d6080000,0x00000000d6080000)
  to   space 1024K, 0% used [0x00000000d5e80000,0x00000000d5e80000,0x00000000d5f80000)
 ParOldGen       total 268288K, used 268035K [0x0000000080000000, 0x0000000090600000, 0x00000000d5580000)
  object space 268288K, 99% used [0x0000000080000000,0x00000000905c0c18,0x0000000090600000)
 Metaspace       used 79382K, committed 81024K, reserved 1179648K
  class space    used 8774K, committed 9472K, reserved 1048576K
}
Event: 14450.511 GC heap before
{Heap before GC invocations=210 (full 3):
 PSYoungGen      total 6144K, used 6144K [0x00000000d5580000, 0x00000000d6080000, 0x0000000100000000)
  eden space 5632K, 100% used [0x00000000d5580000,0x00000000d5b00000,0x00000000d5b00000)
  from space 512K, 100% used [0x00000000d6000000,0x00000000d6080000,0x00000000d6080000)
  to   space 1024K, 0% used [0x00000000d5e80000,0x00000000d5e80000,0x00000000d5f80000)
 ParOldGen       total 268288K, used 268035K [0x0000000080000000, 0x0000000090600000, 0x00000000d5580000)
  object space 268288K, 99% used [0x0000000080000000,0x00000000905c0c18,0x0000000090600000)
 Metaspace       used 79386K, committed 81024K, reserved 1179648K
  class space    used 8774K, committed 9472K, reserved 1048576K
}
Event: 14450.584 GC heap after
{Heap after GC invocations=210 (full 3):
 PSYoungGen      total 6656K, used 384K [0x00000000d5580000, 0x00000000d6080000, 0x0000000100000000)
  eden space 5632K, 0% used [0x00000000d5580000,0x00000000d5580000,0x00000000d5b00000)
  from space 1024K, 37% used [0x00000000d5e80000,0x00000000d5ee0000,0x00000000d5f80000)
  to   space 1024K, 0% used [0x00000000d5f80000,0x00000000d5f80000,0x00000000d6080000)
 ParOldGen       total 268288K, used 268219K [0x0000000080000000, 0x0000000090600000, 0x00000000d5580000)
  object space 268288K, 99% used [0x0000000080000000,0x00000000905eed68,0x0000000090600000)
 Metaspace       used 79386K, committed 81024K, reserved 1179648K
  class space    used 8774K, committed 9472K, reserved 1048576K
}
Event: 14560.614 GC heap before
{Heap before GC invocations=211 (full 3):
 PSYoungGen      total 6656K, used 6015K [0x00000000d5580000, 0x00000000d6080000, 0x0000000100000000)
  eden space 5632K, 99% used [0x00000000d5580000,0x00000000d5afff90,0x00000000d5b00000)
  from space 1024K, 37% used [0x00000000d5e80000,0x00000000d5ee0000,0x00000000d5f80000)
  to   space 1024K, 0% used [0x00000000d5f80000,0x00000000d5f80000,0x00000000d6080000)
 ParOldGen       total 268288K, used 268219K [0x0000000080000000, 0x0000000090600000, 0x00000000d5580000)
  object space 268288K, 99% used [0x0000000080000000,0x00000000905eed68,0x0000000090600000)
 Metaspace       used 79390K, committed 81024K, reserved 1179648K
  class space    used 8774K, committed 9472K, reserved 1048576K
}
Event: 14561.179 GC heap after
{Heap after GC invocations=211 (full 3):
 PSYoungGen      total 6144K, used 480K [0x00000000d5580000, 0x00000000d6000000, 0x0000000100000000)
  eden space 5632K, 0% used [0x00000000d5580000,0x00000000d5580000,0x00000000d5b00000)
  from space 512K, 93% used [0x00000000d5f80000,0x00000000d5ff8020,0x00000000d6000000)
  to   space 512K, 0% used [0x00000000d5f00000,0x00000000d5f00000,0x00000000d5f80000)
 ParOldGen       total 268288K, used 268251K [0x0000000080000000, 0x0000000090600000, 0x00000000d5580000)
  object space 268288K, 99% used [0x0000000080000000,0x00000000905f6d68,0x0000000090600000)
 Metaspace       used 79390K, committed 81024K, reserved 1179648K
  class space    used 8774K, committed 9472K, reserved 1048576K
}
Event: 14605.430 GC heap before
{Heap before GC invocations=212 (full 3):
 PSYoungGen      total 6144K, used 6112K [0x00000000d5580000, 0x00000000d6000000, 0x0000000100000000)
  eden space 5632K, 100% used [0x00000000d5580000,0x00000000d5b00000,0x00000000d5b00000)
  from space 512K, 93% used [0x00000000d5f80000,0x00000000d5ff8020,0x00000000d6000000)
  to   space 512K, 0% used [0x00000000d5f00000,0x00000000d5f00000,0x00000000d5f80000)
 ParOldGen       total 268288K, used 268251K [0x0000000080000000, 0x0000000090600000, 0x00000000d5580000)
  object space 268288K, 99% used [0x0000000080000000,0x00000000905f6d68,0x0000000090600000)
 Metaspace       used 79393K, committed 81024K, reserved 1179648K
  class space    used 8774K, committed 9472K, reserved 1048576K
}
Event: 14606.127 GC heap after
{Heap after GC invocations=212 (full 3):
 PSYoungGen      total 6144K, used 416K [0x00000000d5580000, 0x00000000d6000000, 0x0000000100000000)
  eden space 5632K, 0% used [0x00000000d5580000,0x00000000d5580000,0x00000000d5b00000)
  from space 512K, 81% used [0x00000000d5f00000,0x00000000d5f68000,0x00000000d5f80000)
  to   space 512K, 0% used [0x00000000d5f80000,0x00000000d5f80000,0x00000000d6000000)
 ParOldGen       total 268800K, used 268363K [0x0000000080000000, 0x0000000090680000, 0x00000000d5580000)
  object space 268800K, 99% used [0x0000000080000000,0x0000000090612d98,0x0000000090680000)
 Metaspace       used 79393K, committed 81024K, reserved 1179648K
  class space    used 8774K, committed 9472K, reserved 1048576K
}

