# JRE version: OpenJDK Runtime Environment Temurin-21.0.9+10 (21.0.9+10) (build 21.0.9+10-LTS)
# Java VM: OpenJDK 64-Bit Server VM Temurin-21.0.9+10 (21.0.9+10-LTS, mixed mode, sharing, tiered, compressed oops, compressed class ptrs, parallel gc, windows-amd64)
GC Precious Log:
 CardTable entry size: 512
 CPUs: 8 total, 8 available
 Memory: 3962M
 Large Page Support: Disabled
 NUMA Support: Disabled
 Compressed Oops: Enabled (32-bit)
 Alignments: Space 512K, Generation 512K, Heap 2M
 Heap Min Capacity: 100M
 Heap Initial Capacity: 100M
 Heap Max Capacity: 2G
 Pre-touch: Disabled
 Parallel Workers: 8
Heap:
 PSYoungGen      total 12288K, used 1593K [0x00000000d5580000, 0x00000000d6300000, 0x0000000100000000)
  eden space 10752K, 4% used [0x00000000d5580000,0x00000000d55fe578,0x00000000d6000000)
  from space 1536K, 70% used [0x00000000d6080000,0x00000000d6190000,0x00000000d6200000)
  to   space 1024K, 0% used [0x00000000d6200000,0x00000000d6200000,0x00000000d6300000)
 ParOldGen       total 77312K, used 77092K [0x0000000080000000, 0x0000000084b80000, 0x00000000d5580000)
  object space 77312K, 99% used [0x0000000080000000,0x0000000084b49110,0x0000000084b80000)
 Metaspace       used 59503K, committed 60928K, reserved 1114112K
  class space    used 6117K, committed 6720K, reserved 1048576K
GC Heap History (20 events):
Event: 26.735 GC heap before
{Heap before GC invocations=50 (full 2):
 PSYoungGen      total 13824K, used 13356K [0x00000000d5580000, 0x00000000d6600000, 0x0000000100000000)
  eden space 11776K, 100% used [0x00000000d5580000,0x00000000d6100000,0x00000000d6100000)
  from space 2048K, 77% used [0x00000000d6100000,0x00000000d628b220,0x00000000d6300000)
  to   space 2560K, 0% used [0x00000000d6380000,0x00000000d6380000,0x00000000d6600000)
 ParOldGen       total 68608K, used 66490K [0x0000000080000000, 0x0000000084300000, 0x00000000d5580000)
  object space 68608K, 96% used [0x0000000080000000,0x00000000840ee890,0x0000000084300000)
 Metaspace       used 58069K, committed 59392K, reserved 1114112K
  class space    used 6062K, committed 6656K, reserved 1048576K
}
Event: 26.741 GC heap after
{Heap after GC invocations=50 (full 2):
 PSYoungGen      total 13824K, used 1600K [0x00000000d5580000, 0x00000000d6580000, 0x0000000100000000)
  eden space 11776K, 0% used [0x00000000d5580000,0x00000000d5580000,0x00000000d6100000)
  from space 2048K, 78% used [0x00000000d6380000,0x00000000d6510010,0x00000000d6580000)
  to   space 2048K, 0% used [0x00000000d6100000,0x00000000d6100000,0x00000000d6300000)
 ParOldGen       total 68608K, used 67926K [0x0000000080000000, 0x0000000084300000, 0x00000000d5580000)
  object space 68608K, 99% used [0x0000000080000000,0x00000000842559f8,0x0000000084300000)
 Metaspace       used 58069K, committed 59392K, reserved 1114112K
  class space    used 6062K, committed 6656K, reserved 1048576K
}
Event: 26.985 GC heap before
{Heap before GC invocations=51 (full 2):
 PSYoungGen      total 13824K, used 13376K [0x00000000d5580000, 0x00000000d6580000, 0x0000000100000000)
  eden space 11776K, 100% used [0x00000000d5580000,0x00000000d6100000,0x00000000d6100000)
  from space 2048K, 78% used [0x00000000d6380000,0x00000000d6510010,0x00000000d6580000)
  to   space 2048K, 0% used [0x00000000d6100000,0x00000000d6100000,0x00000000d6300000)
 ParOldGen       total 68608K, used 67926K [0x0000000080000000, 0x0000000084300000, 0x00000000d5580000)
  object space 68608K, 99% used [0x0000000080000000,0x00000000842559f8,0x0000000084300000)
 Metaspace       used 58190K, committed 59520K, reserved 1114112K
  class space    used 6062K, committed 6656K, reserved 1048576K
}
Event: 26.991 GC heap after
{Heap after GC invocations=51 (full 2):
 PSYoungGen      total 13824K, used 1628K [0x00000000d5580000, 0x00000000d6500000, 0x0000000100000000)
  eden space 11776K, 0% used [0x00000000d5580000,0x00000000d5580000,0x00000000d6100000)
  from space 2048K, 79% used [0x00000000d6100000,0x00000000d6297140,0x00000000d6300000)
  to   space 2048K, 0% used [0x00000000d6300000,0x00000000d6300000,0x00000000d6500000)
 ParOldGen       total 69632K, used 69429K [0x0000000080000000, 0x0000000084400000, 0x00000000d5580000)
  object space 69632K, 99% used [0x0000000080000000,0x00000000843cd770,0x0000000084400000)
 Metaspace       used 58190K, committed 59520K, reserved 1114112K
  class space    used 6062K, committed 6656K, reserved 1048576K
}
Event: 27.317 GC heap before
{Heap before GC invocations=52 (full 2):
 PSYoungGen      total 13824K, used 13404K [0x00000000d5580000, 0x00000000d6500000, 0x0000000100000000)
  eden space 11776K, 100% used [0x00000000d5580000,0x00000000d6100000,0x00000000d6100000)
  from space 2048K, 79% used [0x00000000d6100000,0x00000000d6297140,0x00000000d6300000)
  to   space 2048K, 0% used [0x00000000d6300000,0x00000000d6300000,0x00000000d6500000)
 ParOldGen       total 69632K, used 69429K [0x0000000080000000, 0x0000000084400000, 0x00000000d5580000)
  object space 69632K, 99% used [0x0000000080000000,0x00000000843cd770,0x0000000084400000)
 Metaspace       used 58335K, committed 59712K, reserved 1114112K
  class space    used 6063K, committed 6656K, reserved 1048576K
}
Event: 27.324 GC heap after
{Heap after GC invocations=52 (full 2):
 PSYoungGen      total 13824K, used 1504K [0x00000000d5580000, 0x00000000d6500000, 0x0000000100000000)
  eden space 11776K, 0% used [0x00000000d5580000,0x00000000d5580000,0x00000000d6100000)
  from space 2048K, 73% used [0x00000000d6300000,0x00000000d6478000,0x00000000d6500000)
  to   space 2048K, 0% used [0x00000000d6100000,0x00000000d6100000,0x00000000d6300000)
 ParOldGen       total 71168K, used 70931K [0x0000000080000000, 0x0000000084580000, 0x00000000d5580000)
  object space 71168K, 99% used [0x0000000080000000,0x0000000084544e28,0x0000000084580000)
 Metaspace       used 58335K, committed 59712K, reserved 1114112K
  class space    used 6063K, committed 6656K, reserved 1048576K
}
Event: 27.443 GC heap before
{Heap before GC invocations=53 (full 2):
 PSYoungGen      total 13824K, used 6346K [0x00000000d5580000, 0x00000000d6500000, 0x0000000100000000)
  eden space 11776K, 41% used [0x00000000d5580000,0x00000000d5a3abd8,0x00000000d6100000)
  from space 2048K, 73% used [0x00000000d6300000,0x00000000d6478000,0x00000000d6500000)
  to   space 2048K, 0% used [0x00000000d6100000,0x00000000d6100000,0x00000000d6300000)
 ParOldGen       total 71168K, used 70931K [0x0000000080000000, 0x0000000084580000, 0x00000000d5580000)
  object space 71168K, 99% used [0x0000000080000000,0x0000000084544e28,0x0000000084580000)
 Metaspace       used 58420K, committed 59776K, reserved 1114112K
  class space    used 6063K, committed 6656K, reserved 1048576K
}
Event: 27.448 GC heap after
{Heap after GC invocations=53 (full 2):
 PSYoungGen      total 12800K, used 832K [0x00000000d5580000, 0x00000000d6400000, 0x0000000100000000)
  eden space 11776K, 0% used [0x00000000d5580000,0x00000000d5580000,0x00000000d6100000)
  from space 1024K, 81% used [0x00000000d6100000,0x00000000d61d0000,0x00000000d6200000)
  to   space 1536K, 0% used [0x00000000d6280000,0x00000000d6280000,0x00000000d6400000)
 ParOldGen       total 72704K, used 72328K [0x0000000080000000, 0x0000000084700000, 0x00000000d5580000)
  object space 72704K, 99% used [0x0000000080000000,0x00000000846a20c8,0x0000000084700000)
 Metaspace       used 58420K, committed 59776K, reserved 1114112K
  class space    used 6063K, committed 6656K, reserved 1048576K
}
Event: 27.448 GC heap before
{Heap before GC invocations=54 (full 3):
 PSYoungGen      total 12800K, used 832K [0x00000000d5580000, 0x00000000d6400000, 0x0000000100000000)
  eden space 11776K, 0% used [0x00000000d5580000,0x00000000d5580000,0x00000000d6100000)
  from space 1024K, 81% used [0x00000000d6100000,0x00000000d61d0000,0x00000000d6200000)
  to   space 1536K, 0% used [0x00000000d6280000,0x00000000d6280000,0x00000000d6400000)
 ParOldGen       total 72704K, used 72328K [0x0000000080000000, 0x0000000084700000, 0x00000000d5580000)
  object space 72704K, 99% used [0x0000000080000000,0x00000000846a20c8,0x0000000084700000)
 Metaspace       used 58420K, committed 59776K, reserved 1114112K
  class space    used 6063K, committed 6656K, reserved 1048576K
}
Event: 27.658 GC heap after
{Heap after GC invocations=54 (full 3):
 PSYoungGen      total 12800K, used 0K [0x00000000d5580000, 0x00000000d6400000, 0x0000000100000000)
  eden space 11776K, 0% used [0x00000000d5580000,0x00000000d5580000,0x00000000d6100000)
  from space 1024K, 0% used [0x00000000d6100000,0x00000000d6100000,0x00000000d6200000)
  to   space 1536K, 0% used [0x00000000d6280000,0x00000000d6280000,0x00000000d6400000)
 ParOldGen       total 72704K, used 63997K [0x0000000080000000, 0x0000000084700000, 0x00000000d5580000)
  object space 72704K, 88% used [0x0000000080000000,0x0000000083e7f7d0,0x0000000084700000)
 Metaspace       used 58420K, committed 59776K, reserved 1114112K
  class space    used 6063K, committed 6656K, reserved 1048576K
}
Event: 27.951 GC heap before
{Heap before GC invocations=55 (full 3):
 PSYoungGen      total 12800K, used 11776K [0x00000000d5580000, 0x00000000d6400000, 0x0000000100000000)
  eden space 11776K, 100% used [0x00000000d5580000,0x00000000d6100000,0x00000000d6100000)
  from space 1024K, 0% used [0x00000000d6100000,0x00000000d6100000,0x00000000d6200000)
  to   space 1536K, 0% used [0x00000000d6280000,0x00000000d6280000,0x00000000d6400000)
 ParOldGen       total 72704K, used 63997K [0x0000000080000000, 0x0000000084700000, 0x00000000d5580000)
  object space 72704K, 88% used [0x0000000080000000,0x0000000083e7f7d0,0x0000000084700000)
 Metaspace       used 58675K, committed 60096K, reserved 1114112K
  class space    used 6072K, committed 6720K, reserved 1048576K
}
Event: 27.955 GC heap after
{Heap after GC invocations=55 (full 3):
 PSYoungGen      total 12288K, used 1509K [0x00000000d5580000, 0x00000000d6600000, 0x0000000100000000)
  eden space 10752K, 0% used [0x00000000d5580000,0x00000000d5580000,0x00000000d6000000)
  from space 1536K, 98% used [0x00000000d6280000,0x00000000d63f9638,0x00000000d6400000)
  to   space 2560K, 0% used [0x00000000d6000000,0x00000000d6000000,0x00000000d6280000)
 ParOldGen       total 72704K, used 64481K [0x0000000080000000, 0x0000000084700000, 0x00000000d5580000)
  object space 72704K, 88% used [0x0000000080000000,0x0000000083ef8470,0x0000000084700000)
 Metaspace       used 58675K, committed 60096K, reserved 1114112K
  class space    used 6072K, committed 6720K, reserved 1048576K
}
Event: 28.179 GC heap before
{Heap before GC invocations=56 (full 3):
 PSYoungGen      total 12288K, used 12261K [0x00000000d5580000, 0x00000000d6600000, 0x0000000100000000)
  eden space 10752K, 100% used [0x00000000d5580000,0x00000000d6000000,0x00000000d6000000)
  from space 1536K, 98% used [0x00000000d6280000,0x00000000d63f9638,0x00000000d6400000)
  to   space 2560K, 0% used [0x00000000d6000000,0x00000000d6000000,0x00000000d6280000)
 ParOldGen       total 72704K, used 64481K [0x0000000080000000, 0x0000000084700000, 0x00000000d5580000)
  object space 72704K, 88% used [0x0000000080000000,0x0000000083ef8470,0x0000000084700000)
 Metaspace       used 58762K, committed 60160K, reserved 1114112K
  class space    used 6075K, committed 6720K, reserved 1048576K
}
Event: 28.185 GC heap after
{Heap after GC invocations=56 (full 3):
 PSYoungGen      total 12800K, used 1669K [0x00000000d5580000, 0x00000000d6400000, 0x0000000100000000)
  eden space 10752K, 0% used [0x00000000d5580000,0x00000000d5580000,0x00000000d6000000)
  from space 2048K, 81% used [0x00000000d6000000,0x00000000d61a1770,0x00000000d6200000)
  to   space 2048K, 0% used [0x00000000d6200000,0x00000000d6200000,0x00000000d6400000)
 ParOldGen       total 72704K, used 65988K [0x0000000080000000, 0x0000000084700000, 0x00000000d5580000)
  object space 72704K, 90% used [0x0000000080000000,0x0000000084071210,0x0000000084700000)
 Metaspace       used 58762K, committed 60160K, reserved 1114112K
  class space    used 6075K, committed 6720K, reserved 1048576K
}
Event: 28.431 GC heap before
{Heap before GC invocations=57 (full 3):
 PSYoungGen      total 12800K, used 12421K [0x00000000d5580000, 0x00000000d6400000, 0x0000000100000000)
  eden space 10752K, 100% used [0x00000000d5580000,0x00000000d6000000,0x00000000d6000000)
  from space 2048K, 81% used [0x00000000d6000000,0x00000000d61a1770,0x00000000d6200000)
  to   space 2048K, 0% used [0x00000000d6200000,0x00000000d6200000,0x00000000d6400000)
 ParOldGen       total 72704K, used 65988K [0x0000000080000000, 0x0000000084700000, 0x00000000d5580000)
  object space 72704K, 90% used [0x0000000080000000,0x0000000084071210,0x0000000084700000)
 Metaspace       used 58887K, committed 60288K, reserved 1114112K
  class space    used 6075K, committed 6720K, reserved 1048576K
}
Event: 28.436 GC heap after
{Heap after GC invocations=57 (full 3):
 PSYoungGen      total 12288K, used 1344K [0x00000000d5580000, 0x00000000d6380000, 0x0000000100000000)
  eden space 10752K, 0% used [0x00000000d5580000,0x00000000d5580000,0x00000000d6000000)
  from space 1536K, 87% used [0x00000000d6200000,0x00000000d6350000,0x00000000d6380000)
  to   space 1536K, 0% used [0x00000000d6080000,0x00000000d6080000,0x00000000d6200000)
 ParOldGen       total 72704K, used 67460K [0x0000000080000000, 0x0000000084700000, 0x00000000d5580000)
  object space 72704K, 92% used [0x0000000080000000,0x00000000841e1280,0x0000000084700000)
 Metaspace       used 58887K, committed 60288K, reserved 1114112K
  class space    used 6075K, committed 6720K, reserved 1048576K
}
Event: 28.639 GC heap before
{Heap before GC invocations=58 (full 3):
 PSYoungGen      total 12288K, used 12096K [0x00000000d5580000, 0x00000000d6380000, 0x0000000100000000)
  eden space 10752K, 100% used [0x00000000d5580000,0x00000000d6000000,0x00000000d6000000)
  from space 1536K, 87% used [0x00000000d6200000,0x00000000d6350000,0x00000000d6380000)
  to   space 1536K, 0% used [0x00000000d6080000,0x00000000d6080000,0x00000000d6200000)
 ParOldGen       total 72704K, used 67460K [0x0000000080000000, 0x0000000084700000, 0x00000000d5580000)
  object space 72704K, 92% used [0x0000000080000000,0x00000000841e1280,0x0000000084700000)
 Metaspace       used 59105K, committed 60480K, reserved 1114112K
  class space    used 6086K, committed 6720K, reserved 1048576K
}
Event: 28.642 GC heap after
{Heap after GC invocations=58 (full 3):
 PSYoungGen      total 12288K, used 1264K [0x00000000d5580000, 0x00000000d6300000, 0x0000000100000000)
  eden space 10752K, 0% used [0x00000000d5580000,0x00000000d5580000,0x00000000d6000000)
  from space 1536K, 82% used [0x00000000d6080000,0x00000000d61bc010,0x00000000d6200000)
  to   space 1024K, 0% used [0x00000000d6200000,0x00000000d6200000,0x00000000d6300000)
 ParOldGen       total 72704K, used 68699K [0x0000000080000000, 0x0000000084700000, 0x00000000d5580000)
  object space 72704K, 94% used [0x0000000080000000,0x0000000084316fa0,0x0000000084700000)
 Metaspace       used 59105K, committed 60480K, reserved 1114112K
  class space    used 6086K, committed 6720K, reserved 1048576K
}
Event: 28.816 GC heap before
{Heap before GC invocations=59 (full 3):
 PSYoungGen      total 12288K, used 12016K [0x00000000d5580000, 0x00000000d6300000, 0x0000000100000000)
  eden space 10752K, 100% used [0x00000000d5580000,0x00000000d6000000,0x00000000d6000000)
  from space 1536K, 82% used [0x00000000d6080000,0x00000000d61bc010,0x00000000d6200000)
  to   space 1024K, 0% used [0x00000000d6200000,0x00000000d6200000,0x00000000d6300000)
 ParOldGen       total 72704K, used 68699K [0x0000000080000000, 0x0000000084700000, 0x00000000d5580000)
  object space 72704K, 94% used [0x0000000080000000,0x0000000084316fa0,0x0000000084700000)
 Metaspace       used 59119K, committed 60480K, reserved 1114112K
  class space    used 6086K, committed 6720K, reserved 1048576K
}
Event: 28.829 GC heap after
{Heap after GC invocations=59 (full 3):
 PSYoungGen      total 11776K, used 1022K [0x00000000d5580000, 0x00000000d6300000, 0x0000000100000000)
  eden space 10752K, 0% used [0x00000000d5580000,0x00000000d5580000,0x00000000d6000000)
  from space 1024K, 99% used [0x00000000d6200000,0x00000000d62ff9c0,0x00000000d6300000)
  to   space 1536K, 0% used [0x00000000d6080000,0x00000000d6080000,0x00000000d6200000)
 ParOldGen       total 77312K, used 77004K [0x0000000080000000, 0x0000000084b80000, 0x00000000d5580000)
  object space 77312K, 99% used [0x0000000080000000,0x0000000084b33110,0x0000000084b80000)
 Metaspace       used 59119K, committed 60480K, reserved 1114112K
  class space    used 6086K, committed 6720K, reserved 1048576K
}

