# JRE version: OpenJDK Runtime Environment Temurin-21.0.9+10 (21.0.9+10) (build 21.0.9+10-LTS)
# Java VM: OpenJDK 64-Bit Server VM Temurin-21.0.9+10 (21.0.9+10-LTS, mixed mode, sharing, tiered, compressed oops, compressed class ptrs, parallel gc, windows-amd64)
GC Precious Log:
 CardTable entry size: 512
 CPUs: 8 total, 8 available
 Memory: 3962M
 Large Page Support: Disabled
 NUMA Support: Disabled
 Compressed Oops: Enabled (32-bit)
 Alignments: Space 512K, Generation 512K, Heap 2M
 Heap Min Capacity: 100M
 Heap Initial Capacity: 100M
 Heap Max Capacity: 2G
 Pre-touch: Disabled
 Parallel Workers: 8
Heap:
 PSYoungGen      total 16896K, used 11514K [0x00000000d5580000, 0x00000000d6c00000, 0x0000000100000000)
  eden space 15872K, 66% used [0x00000000d5580000,0x00000000d5fc6ab8,0x00000000d6500000)
  from space 1024K, 96% used [0x00000000d6500000,0x00000000d65f8000,0x00000000d6600000)
  to   space 3072K, 0% used [0x00000000d6900000,0x00000000d6900000,0x00000000d6c00000)
 ParOldGen       total 1301504K, used 1301153K [0x0000000080000000, 0x00000000cf700000, 0x00000000d5580000)
  object space 1301504K, 99% used [0x0000000080000000,0x00000000cf6a8638,0x00000000cf700000)
 Metaspace       used 90938K, committed 92608K, reserved 1179648K
  class space    used 9669K, committed 10432K, reserved 1048576K
GC Heap History (20 events):
Event: 19003.650 GC heap before
{Heap before GC invocations=1881 (full 5):
 PSYoungGen      total 22528K, used 17508K [0x00000000d5580000, 0x00000000d7300000, 0x0000000100000000)
  eden space 15872K, 100% used [0x00000000d5580000,0x00000000d6500000,0x00000000d6500000)
  from space 6656K, 24% used [0x00000000d6980000,0x00000000d6b19138,0x00000000d7000000)
  to   space 3072K, 0% used [0x00000000d7000000,0x00000000d7000000,0x00000000d7300000)
 ParOldGen       total 1285120K, used 1284331K [0x0000000080000000, 0x00000000ce700000, 0x00000000d5580000)
  object space 1285120K, 99% used [0x0000000080000000,0x00000000ce63af30,0x00000000ce700000)
 Metaspace       used 90697K, committed 92352K, reserved 1179648K
  class space    used 9665K, committed 10432K, reserved 1048576K
}
Event: 19003.662 GC heap after
{Heap after GC invocations=1881 (full 5):
 PSYoungGen      total 17920K, used 1632K [0x00000000d5580000, 0x00000000d7200000, 0x0000000100000000)
  eden space 15872K, 0% used [0x00000000d5580000,0x00000000d5580000,0x00000000d6500000)
  from space 2048K, 79% used [0x00000000d7000000,0x00000000d7198100,0x00000000d7200000)
  to   space 2048K, 0% used [0x00000000d6e00000,0x00000000d6e00000,0x00000000d7000000)
 ParOldGen       total 1286144K, used 1285772K [0x0000000080000000, 0x00000000ce800000, 0x00000000d5580000)
  object space 1286144K, 99% used [0x0000000080000000,0x00000000ce7a31b0,0x00000000ce800000)
 Metaspace       used 90697K, committed 92352K, reserved 1179648K
  class space    used 9665K, committed 10432K, reserved 1048576K
}
Event: 19003.742 GC heap before
{Heap before GC invocations=1882 (full 5):
 PSYoungGen      total 17920K, used 17504K [0x00000000d5580000, 0x00000000d7200000, 0x0000000100000000)
  eden space 15872K, 100% used [0x00000000d5580000,0x00000000d6500000,0x00000000d6500000)
  from space 2048K, 79% used [0x00000000d7000000,0x00000000d7198100,0x00000000d7200000)
  to   space 2048K, 0% used [0x00000000d6e00000,0x00000000d6e00000,0x00000000d7000000)
 ParOldGen       total 1286144K, used 1285772K [0x0000000080000000, 0x00000000ce800000, 0x00000000d5580000)
  object space 1286144K, 99% used [0x0000000080000000,0x00000000ce7a31b0,0x00000000ce800000)
 Metaspace       used 90707K, committed 92352K, reserved 1179648K
  class space    used 9667K, committed 10432K, reserved 1048576K
}
Event: 19003.749 GC heap after
{Heap after GC invocations=1882 (full 5):
 PSYoungGen      total 17408K, used 1344K [0x00000000d5580000, 0x00000000d7080000, 0x0000000100000000)
  eden space 15872K, 0% used [0x00000000d5580000,0x00000000d5580000,0x00000000d6500000)
  from space 1536K, 87% used [0x00000000d6e00000,0x00000000d6f50020,0x00000000d6f80000)
  to   space 1024K, 0% used [0x00000000d6f80000,0x00000000d6f80000,0x00000000d7080000)
 ParOldGen       total 1287168K, used 1287152K [0x0000000080000000, 0x00000000ce900000, 0x00000000d5580000)
  object space 1287168K, 99% used [0x0000000080000000,0x00000000ce8fc080,0x00000000ce900000)
 Metaspace       used 90707K, committed 92352K, reserved 1179648K
  class space    used 9667K, committed 10432K, reserved 1048576K
}
Event: 19004.064 GC heap before
{Heap before GC invocations=1883 (full 5):
 PSYoungGen      total 17408K, used 17216K [0x00000000d5580000, 0x00000000d7080000, 0x0000000100000000)
  eden space 15872K, 100% used [0x00000000d5580000,0x00000000d6500000,0x00000000d6500000)
  from space 1536K, 87% used [0x00000000d6e00000,0x00000000d6f50020,0x00000000d6f80000)
  to   space 1024K, 0% used [0x00000000d6f80000,0x00000000d6f80000,0x00000000d7080000)
 ParOldGen       total 1287168K, used 1287152K [0x0000000080000000, 0x00000000ce900000, 0x00000000d5580000)
  object space 1287168K, 99% used [0x0000000080000000,0x00000000ce8fc080,0x00000000ce900000)
 Metaspace       used 90707K, committed 92352K, reserved 1179648K
  class space    used 9667K, committed 10432K, reserved 1048576K
}
Event: 19004.075 GC heap after
{Heap after GC invocations=1883 (full 5):
 PSYoungGen      total 16896K, used 1024K [0x00000000d5580000, 0x00000000d7080000, 0x0000000100000000)
  eden space 15872K, 0% used [0x00000000d5580000,0x00000000d5580000,0x00000000d6500000)
  from space 1024K, 100% used [0x00000000d6f80000,0x00000000d7080000,0x00000000d7080000)
  to   space 3584K, 0% used [0x00000000d6980000,0x00000000d6980000,0x00000000d6d00000)
 ParOldGen       total 1289728K, used 1289218K [0x0000000080000000, 0x00000000ceb80000, 0x00000000d5580000)
  object space 1289728K, 99% used [0x0000000080000000,0x00000000ceb00a50,0x00000000ceb80000)
 Metaspace       used 90707K, committed 92352K, reserved 1179648K
  class space    used 9667K, committed 10432K, reserved 1048576K
}
Event: 19004.176 GC heap before
{Heap before GC invocations=1884 (full 5):
 PSYoungGen      total 16896K, used 16896K [0x00000000d5580000, 0x00000000d7080000, 0x0000000100000000)
  eden space 15872K, 100% used [0x00000000d5580000,0x00000000d6500000,0x00000000d6500000)
  from space 1024K, 100% used [0x00000000d6f80000,0x00000000d7080000,0x00000000d7080000)
  to   space 3584K, 0% used [0x00000000d6980000,0x00000000d6980000,0x00000000d6d00000)
 ParOldGen       total 1289728K, used 1289218K [0x0000000080000000, 0x00000000ceb80000, 0x00000000d5580000)
  object space 1289728K, 99% used [0x0000000080000000,0x00000000ceb00a50,0x00000000ceb80000)
 Metaspace       used 90707K, committed 92352K, reserved 1179648K
  class space    used 9667K, committed 10432K, reserved 1048576K
}
Event: 19004.180 GC heap after
{Heap after GC invocations=1884 (full 5):
 PSYoungGen      total 19456K, used 1024K [0x00000000d5580000, 0x00000000d7000000, 0x0000000100000000)
  eden space 15872K, 0% used [0x00000000d5580000,0x00000000d5580000,0x00000000d6500000)
  from space 3584K, 28% used [0x00000000d6980000,0x00000000d6a80000,0x00000000d6d00000)
  to   space 2048K, 0% used [0x00000000d6e00000,0x00000000d6e00000,0x00000000d7000000)
 ParOldGen       total 1290752K, used 1290265K [0x0000000080000000, 0x00000000cec80000, 0x00000000d5580000)
  object space 1290752K, 99% used [0x0000000080000000,0x00000000cec064c0,0x00000000cec80000)
 Metaspace       used 90707K, committed 92352K, reserved 1179648K
  class space    used 9667K, committed 10432K, reserved 1048576K
}
Event: 19004.492 GC heap before
{Heap before GC invocations=1885 (full 5):
 PSYoungGen      total 19456K, used 16896K [0x00000000d5580000, 0x00000000d7000000, 0x0000000100000000)
  eden space 15872K, 100% used [0x00000000d5580000,0x00000000d6500000,0x00000000d6500000)
  from space 3584K, 28% used [0x00000000d6980000,0x00000000d6a80000,0x00000000d6d00000)
  to   space 2048K, 0% used [0x00000000d6e00000,0x00000000d6e00000,0x00000000d7000000)
 ParOldGen       total 1290752K, used 1290265K [0x0000000080000000, 0x00000000cec80000, 0x00000000d5580000)
  object space 1290752K, 99% used [0x0000000080000000,0x00000000cec064c0,0x00000000cec80000)
 Metaspace       used 90714K, committed 92352K, reserved 1179648K
  class space    used 9667K, committed 10432K, reserved 1048576K
}
Event: 19004.500 GC heap after
{Heap after GC invocations=1885 (full 5):
 PSYoungGen      total 17408K, used 1232K [0x00000000d5580000, 0x00000000d6f80000, 0x0000000100000000)
  eden space 15872K, 0% used [0x00000000d5580000,0x00000000d5580000,0x00000000d6500000)
  from space 1536K, 80% used [0x00000000d6e00000,0x00000000d6f34010,0x00000000d6f80000)
  to   space 1536K, 0% used [0x00000000d6c80000,0x00000000d6c80000,0x00000000d6e00000)
 ParOldGen       total 1291264K, used 1291165K [0x0000000080000000, 0x00000000ced00000, 0x00000000d5580000)
  object space 1291264K, 99% used [0x0000000080000000,0x00000000cece7510,0x00000000ced00000)
 Metaspace       used 90714K, committed 92352K, reserved 1179648K
  class space    used 9667K, committed 10432K, reserved 1048576K
}
Event: 19005.224 GC heap before
{Heap before GC invocations=1886 (full 5):
 PSYoungGen      total 17408K, used 17104K [0x00000000d5580000, 0x00000000d6f80000, 0x0000000100000000)
  eden space 15872K, 100% used [0x00000000d5580000,0x00000000d6500000,0x00000000d6500000)
  from space 1536K, 80% used [0x00000000d6e00000,0x00000000d6f34010,0x00000000d6f80000)
  to   space 1536K, 0% used [0x00000000d6c80000,0x00000000d6c80000,0x00000000d6e00000)
 ParOldGen       total 1291264K, used 1291165K [0x0000000080000000, 0x00000000ced00000, 0x00000000d5580000)
  object space 1291264K, 99% used [0x0000000080000000,0x00000000cece7510,0x00000000ced00000)
 Metaspace       used 90739K, committed 92416K, reserved 1179648K
  class space    used 9667K, committed 10432K, reserved 1048576K
}
Event: 19005.235 GC heap after
{Heap after GC invocations=1886 (full 5):
 PSYoungGen      total 17408K, used 1536K [0x00000000d5580000, 0x00000000d6e80000, 0x0000000100000000)
  eden space 15872K, 0% used [0x00000000d5580000,0x00000000d5580000,0x00000000d6500000)
  from space 1536K, 100% used [0x00000000d6c80000,0x00000000d6e00000,0x00000000d6e00000)
  to   space 512K, 0% used [0x00000000d6e00000,0x00000000d6e00000,0x00000000d6e80000)
 ParOldGen       total 1293312K, used 1293177K [0x0000000080000000, 0x00000000cef00000, 0x00000000d5580000)
  object space 1293312K, 99% used [0x0000000080000000,0x00000000ceede5a0,0x00000000cef00000)
 Metaspace       used 90739K, committed 92416K, reserved 1179648K
  class space    used 9667K, committed 10432K, reserved 1048576K
}
Event: 19005.562 GC heap before
{Heap before GC invocations=1887 (full 5):
 PSYoungGen      total 17408K, used 17408K [0x00000000d5580000, 0x00000000d6e80000, 0x0000000100000000)
  eden space 15872K, 100% used [0x00000000d5580000,0x00000000d6500000,0x00000000d6500000)
  from space 1536K, 100% used [0x00000000d6c80000,0x00000000d6e00000,0x00000000d6e00000)
  to   space 512K, 0% used [0x00000000d6e00000,0x00000000d6e00000,0x00000000d6e80000)
 ParOldGen       total 1293312K, used 1293177K [0x0000000080000000, 0x00000000cef00000, 0x00000000d5580000)
  object space 1293312K, 99% used [0x0000000080000000,0x00000000ceede5a0,0x00000000cef00000)
 Metaspace       used 90772K, committed 92416K, reserved 1179648K
  class space    used 9667K, committed 10432K, reserved 1048576K
}
Event: 19005.576 GC heap after
{Heap after GC invocations=1887 (full 5):
 PSYoungGen      total 16384K, used 512K [0x00000000d5580000, 0x00000000d6e80000, 0x0000000100000000)
  eden space 15872K, 0% used [0x00000000d5580000,0x00000000d5580000,0x00000000d6500000)
  from space 512K, 100% used [0x00000000d6e00000,0x00000000d6e80000,0x00000000d6e80000)
  to   space 4096K, 0% used [0x00000000d6680000,0x00000000d6680000,0x00000000d6a80000)
 ParOldGen       total 1296896K, used 1296421K [0x0000000080000000, 0x00000000cf280000, 0x00000000d5580000)
  object space 1296896K, 99% used [0x0000000080000000,0x00000000cf209790,0x00000000cf280000)
 Metaspace       used 90772K, committed 92416K, reserved 1179648K
  class space    used 9667K, committed 10432K, reserved 1048576K
}
Event: 19005.988 GC heap before
{Heap before GC invocations=1888 (full 5):
 PSYoungGen      total 16384K, used 16384K [0x00000000d5580000, 0x00000000d6e80000, 0x0000000100000000)
  eden space 15872K, 100% used [0x00000000d5580000,0x00000000d6500000,0x00000000d6500000)
  from space 512K, 100% used [0x00000000d6e00000,0x00000000d6e80000,0x00000000d6e80000)
  to   space 4096K, 0% used [0x00000000d6680000,0x00000000d6680000,0x00000000d6a80000)
 ParOldGen       total 1296896K, used 1296421K [0x0000000080000000, 0x00000000cf280000, 0x00000000d5580000)
  object space 1296896K, 99% used [0x0000000080000000,0x00000000cf209790,0x00000000cf280000)
 Metaspace       used 90835K, committed 92480K, reserved 1179648K
  class space    used 9667K, committed 10432K, reserved 1048576K
}
Event: 19006.030 GC heap after
{Heap after GC invocations=1888 (full 5):
 PSYoungGen      total 19968K, used 2528K [0x00000000d5580000, 0x00000000d6e80000, 0x0000000100000000)
  eden space 15872K, 0% used [0x00000000d5580000,0x00000000d5580000,0x00000000d6500000)
  from space 4096K, 61% used [0x00000000d6680000,0x00000000d68f8030,0x00000000d6a80000)
  to   space 3072K, 0% used [0x00000000d6b80000,0x00000000d6b80000,0x00000000d6e80000)
 ParOldGen       total 1297408K, used 1296949K [0x0000000080000000, 0x00000000cf300000, 0x00000000d5580000)
  object space 1297408K, 99% used [0x0000000080000000,0x00000000cf28d690,0x00000000cf300000)
 Metaspace       used 90835K, committed 92480K, reserved 1179648K
  class space    used 9667K, committed 10432K, reserved 1048576K
}
Event: 19006.912 GC heap before
{Heap before GC invocations=1889 (full 5):
 PSYoungGen      total 19968K, used 18197K [0x00000000d5580000, 0x00000000d6e80000, 0x0000000100000000)
  eden space 15872K, 98% used [0x00000000d5580000,0x00000000d64cd698,0x00000000d6500000)
  from space 4096K, 61% used [0x00000000d6680000,0x00000000d68f8030,0x00000000d6a80000)
  to   space 3072K, 0% used [0x00000000d6b80000,0x00000000d6b80000,0x00000000d6e80000)
 ParOldGen       total 1297408K, used 1296949K [0x0000000080000000, 0x00000000cf300000, 0x00000000d5580000)
  object space 1297408K, 99% used [0x0000000080000000,0x00000000cf28d690,0x00000000cf300000)
 Metaspace       used 90881K, committed 92544K, reserved 1179648K
  class space    used 9667K, committed 10432K, reserved 1048576K
}
Event: 19006.962 GC heap after
{Heap after GC invocations=1889 (full 5):
 PSYoungGen      total 18944K, used 3051K [0x00000000d5580000, 0x00000000d7200000, 0x0000000100000000)
  eden space 15872K, 0% used [0x00000000d5580000,0x00000000d5580000,0x00000000d6500000)
  from space 3072K, 99% used [0x00000000d6b80000,0x00000000d6e7ad80,0x00000000d6e80000)
  to   space 6656K, 0% used [0x00000000d6500000,0x00000000d6500000,0x00000000d6b80000)
 ParOldGen       total 1299968K, used 1299801K [0x0000000080000000, 0x00000000cf580000, 0x00000000d5580000)
  object space 1299968K, 99% used [0x0000000080000000,0x00000000cf556628,0x00000000cf580000)
 Metaspace       used 90881K, committed 92544K, reserved 1179648K
  class space    used 9667K, committed 10432K, reserved 1048576K
}
Event: 19424.746 GC heap before
{Heap before GC invocations=1890 (full 5):
 PSYoungGen      total 18944K, used 18923K [0x00000000d5580000, 0x00000000d7200000, 0x0000000100000000)
  eden space 15872K, 100% used [0x00000000d5580000,0x00000000d6500000,0x00000000d6500000)
  from space 3072K, 99% used [0x00000000d6b80000,0x00000000d6e7ad80,0x00000000d6e80000)
  to   space 6656K, 0% used [0x00000000d6500000,0x00000000d6500000,0x00000000d6b80000)
 ParOldGen       total 1299968K, used 1299801K [0x0000000080000000, 0x00000000cf580000, 0x00000000d5580000)
  object space 1299968K, 99% used [0x0000000080000000,0x00000000cf556628,0x00000000cf580000)
 Metaspace       used 90921K, committed 92608K, reserved 1179648K
  class space    used 9667K, committed 10432K, reserved 1048576K
}
Event: 19427.130 GC heap after
{Heap after GC invocations=1890 (full 5):
 PSYoungGen      total 16896K, used 992K [0x00000000d5580000, 0x00000000d6c00000, 0x0000000100000000)
  eden space 15872K, 0% used [0x00000000d5580000,0x00000000d5580000,0x00000000d6500000)
  from space 1024K, 96% used [0x00000000d6500000,0x00000000d65f8000,0x00000000d6600000)
  to   space 3072K, 0% used [0x00000000d6900000,0x00000000d6900000,0x00000000d6c00000)
 ParOldGen       total 1301504K, used 1301153K [0x0000000080000000, 0x00000000cf700000, 0x00000000d5580000)
  object space 1301504K, 99% used [0x0000000080000000,0x00000000cf6a8638,0x00000000cf700000)
 Metaspace       used 90921K, committed 92608K, reserved 1179648K
  class space    used 9667K, committed 10432K, reserved 1048576K
}

